The system is: Linux - 4.4.0-127-generic - x86_64
Compiling the C compiler identification source file "CMakeCCompilerId.c" succeeded.
Compiler: /usr/bin/cc 
Build flags: 
Id flags: 

The output was:
0


Compilation of the C compiler identification source "CMakeCCompilerId.c" produced "a.out"

The C compiler identification is GNU, found in "/home/null/slam/mono-slam-git/mono-slam-vo/qt-build/CMakeFiles/2.8.12.2/CompilerIdC/a.out"

Compiling the CXX compiler identification source file "CMakeCXXCompilerId.cpp" succeeded.
Compiler: /usr/bin/c++ 
Build flags: 
Id flags: 

The output was:
0


Compilation of the CXX compiler identification source "CMakeCXXCompilerId.cpp" produced "a.out"

The CXX compiler identification is GNU, found in "/home/null/slam/mono-slam-git/mono-slam-vo/qt-build/CMakeFiles/2.8.12.2/CompilerIdCXX/a.out"

Determining if the function sgemm_ exists passed with the following output:
Change Dir: /home/null/slam/mono-slam-git/mono-slam-vo/qt-build/CMakeFiles/CMakeTmp

Run Build Command:/usr/bin/make "cmTryCompileExec4102941532/fast"
make[1]: Entering directory `/home/null/slam/mono-slam-git/mono-slam-vo/qt-build/CMakeFiles/CMakeTmp'
/usr/bin/make -f CMakeFiles/cmTryCompileExec4102941532.dir/build.make CMakeFiles/cmTryCompileExec4102941532.dir/build
make[2]: Entering directory `/home/null/slam/mono-slam-git/mono-slam-vo/qt-build/CMakeFiles/CMakeTmp'
/usr/bin/cmake -E cmake_progress_report /home/null/slam/mono-slam-git/mono-slam-vo/qt-build/CMakeFiles/CMakeTmp/CMakeFiles 1
Building C object CMakeFiles/cmTryCompileExec4102941532.dir/CheckFunctionExists.c.o
/usr/bin/cc  -DBLAS_USE_F2C -DCHECK_FUNCTION_EXISTS=sgemm_   -o CMakeFiles/cmTryCompileExec4102941532.dir/CheckFunctionExists.c.o   -c /usr/share/cmake-2.8/Modules/CheckFunctionExists.c
Linking C executable cmTryCompileExec4102941532
/usr/bin/cmake -E cmake_link_script CMakeFiles/cmTryCompileExec4102941532.dir/link.txt --verbose=1
/usr/bin/cc   -DCHECK_FUNCTION_EXISTS=sgemm_    CMakeFiles/cmTryCompileExec4102941532.dir/CheckFunctionExists.c.o  -o cmTryCompileExec4102941532 -rdynamic -lblas 
make[2]: Leaving directory `/home/null/slam/mono-slam-git/mono-slam-vo/qt-build/CMakeFiles/CMakeTmp'
make[1]: Leaving directory `/home/null/slam/mono-slam-git/mono-slam-vo/qt-build/CMakeFiles/CMakeTmp'


Determining if the function cheev_ exists passed with the following output:
Change Dir: /home/null/slam/mono-slam-git/mono-slam-vo/qt-build/CMakeFiles/CMakeTmp

Run Build Command:/usr/bin/make "cmTryCompileExec4270216275/fast"
make[1]: Entering directory `/home/null/slam/mono-slam-git/mono-slam-vo/qt-build/CMakeFiles/CMakeTmp'
/usr/bin/make -f CMakeFiles/cmTryCompileExec4270216275.dir/build.make CMakeFiles/cmTryCompileExec4270216275.dir/build
make[2]: Entering directory `/home/null/slam/mono-slam-git/mono-slam-vo/qt-build/CMakeFiles/CMakeTmp'
/usr/bin/cmake -E cmake_progress_report /home/null/slam/mono-slam-git/mono-slam-vo/qt-build/CMakeFiles/CMakeTmp/CMakeFiles 1
Building C object CMakeFiles/cmTryCompileExec4270216275.dir/CheckFunctionExists.c.o
/usr/bin/cc  -DLAPACK_USE_F2C -DCHECK_FUNCTION_EXISTS=cheev_   -o CMakeFiles/cmTryCompileExec4270216275.dir/CheckFunctionExists.c.o   -c /usr/share/cmake-2.8/Modules/CheckFunctionExists.c
Linking C executable cmTryCompileExec4270216275
/usr/bin/cmake -E cmake_link_script CMakeFiles/cmTryCompileExec4270216275.dir/link.txt --verbose=1
/usr/bin/cc   -DCHECK_FUNCTION_EXISTS=cheev_    CMakeFiles/cmTryCompileExec4270216275.dir/CheckFunctionExists.c.o  -o cmTryCompileExec4270216275 -rdynamic -llapack -lblas 
make[2]: Leaving directory `/home/null/slam/mono-slam-git/mono-slam-vo/qt-build/CMakeFiles/CMakeTmp'
make[1]: Leaving directory `/home/null/slam/mono-slam-git/mono-slam-vo/qt-build/CMakeFiles/CMakeTmp'


Performing C SOURCE FILE Test OpenMP_FLAG_DETECTED succeded with the following output:
Change Dir: /home/null/slam/mono-slam-git/mono-slam-vo/qt-build/CMakeFiles/CMakeTmp

Run Build Command:/usr/bin/make "cmTryCompileExec2807915701/fast"
make[1]: Entering directory `/home/null/slam/mono-slam-git/mono-slam-vo/qt-build/CMakeFiles/CMakeTmp'
/usr/bin/make -f CMakeFiles/cmTryCompileExec2807915701.dir/build.make CMakeFiles/cmTryCompileExec2807915701.dir/build
make[2]: Entering directory `/home/null/slam/mono-slam-git/mono-slam-vo/qt-build/CMakeFiles/CMakeTmp'
/usr/bin/cmake -E cmake_progress_report /home/null/slam/mono-slam-git/mono-slam-vo/qt-build/CMakeFiles/CMakeTmp/CMakeFiles 1
Building C object CMakeFiles/cmTryCompileExec2807915701.dir/src.c.o
/usr/bin/cc  -DLAPACK_USE_F2C -DOpenMP_FLAG_DETECTED -fopenmp   -o CMakeFiles/cmTryCompileExec2807915701.dir/src.c.o   -c /home/null/slam/mono-slam-git/mono-slam-vo/qt-build/CMakeFiles/CMakeTmp/src.c
Linking C executable cmTryCompileExec2807915701
/usr/bin/cmake -E cmake_link_script CMakeFiles/cmTryCompileExec2807915701.dir/link.txt --verbose=1
/usr/bin/cc   -DOpenMP_FLAG_DETECTED -fopenmp    CMakeFiles/cmTryCompileExec2807915701.dir/src.c.o  -o cmTryCompileExec2807915701 -rdynamic 
make[2]: Leaving directory `/home/null/slam/mono-slam-git/mono-slam-vo/qt-build/CMakeFiles/CMakeTmp'
make[1]: Leaving directory `/home/null/slam/mono-slam-git/mono-slam-vo/qt-build/CMakeFiles/CMakeTmp'

Source file was:

#include <omp.h>
int main() {
#ifdef _OPENMP
  return 0;
#else
  breaks_on_purpose
#endif
}

Performing C++ SOURCE FILE Test OpenMP_FLAG_DETECTED succeded with the following output:
Change Dir: /home/null/slam/mono-slam-git/mono-slam-vo/qt-build/CMakeFiles/CMakeTmp

Run Build Command:/usr/bin/make "cmTryCompileExec4151272957/fast"
make[1]: Entering directory `/home/null/slam/mono-slam-git/mono-slam-vo/qt-build/CMakeFiles/CMakeTmp'
/usr/bin/make -f CMakeFiles/cmTryCompileExec4151272957.dir/build.make CMakeFiles/cmTryCompileExec4151272957.dir/build
make[2]: Entering directory `/home/null/slam/mono-slam-git/mono-slam-vo/qt-build/CMakeFiles/CMakeTmp'
/usr/bin/cmake -E cmake_progress_report /home/null/slam/mono-slam-git/mono-slam-vo/qt-build/CMakeFiles/CMakeTmp/CMakeFiles 1
Building CXX object CMakeFiles/cmTryCompileExec4151272957.dir/src.cxx.o
/usr/bin/c++   -DLAPACK_USE_F2C -std=c++11 -march=native -O3 -DOpenMP_FLAG_DETECTED -fopenmp   -o CMakeFiles/cmTryCompileExec4151272957.dir/src.cxx.o -c /home/null/slam/mono-slam-git/mono-slam-vo/qt-build/CMakeFiles/CMakeTmp/src.cxx
Linking CXX executable cmTryCompileExec4151272957
/usr/bin/cmake -E cmake_link_script CMakeFiles/cmTryCompileExec4151272957.dir/link.txt --verbose=1
/usr/bin/c++   -std=c++11 -march=native -O3 -DOpenMP_FLAG_DETECTED -fopenmp    CMakeFiles/cmTryCompileExec4151272957.dir/src.cxx.o  -o cmTryCompileExec4151272957 -rdynamic 
make[2]: Leaving directory `/home/null/slam/mono-slam-git/mono-slam-vo/qt-build/CMakeFiles/CMakeTmp'
make[1]: Leaving directory `/home/null/slam/mono-slam-git/mono-slam-vo/qt-build/CMakeFiles/CMakeTmp'

Source file was:

#include <omp.h>
int main() {
#ifdef _OPENMP
  return 0;
#else
  breaks_on_purpose
#endif
}

